<testsuites>
	<testsuite id="1" tests="1" failures="1" package="/Users/testinium/Desktop/loginCaseProject/specs/testCases.spec" time="12.373" timestamp="2025-01-11T15:16:15" name="Hesap Makinesi Test Senaryoları" errors="0" hostname="192.168.68.105">
		<properties></properties>
		<testcase classname="Hesap Makinesi Test Senaryoları" name="Pozitif Senaryo" time="12.373">
			<failure message="Elementine tıkla &#34;username&#34;&#xA;Concept Execution Failure: &#39;java.lang.NullPointerException: Cannot invoke &#34;com.login.model.ElementInfo.getType()&#34; because &#34;elementInfo&#34; is null&#39;" type="Elementine tıkla &#34;username&#34;&#xA;Concept Execution Failure: &#39;java.lang.NullPointerException: Cannot invoke &#34;com.login.model.ElementInfo.getType()&#34; because &#34;elementInfo&#34; is null&#39;">java.lang.NullPointerException: Cannot invoke &#34;com.login.model.ElementInfo.getType()&#34; because &#34;elementInfo&#34; is null&#xA;&#x9;at com.login.step.BaseSteps.getElementInfoToBy(BaseSteps.java:35)&#xA;&#x9;at com.login.step.BaseSteps.findElement(BaseSteps.java:23)&#xA;&#x9;at com.login.step.BaseSteps.clickElement(BaseSteps.java:62)&#xA;&#x9;at java.base/jdk.internal.reflect.DirectMethodHandleAccessor.invoke(DirectMethodHandleAccessor.java:103)&#xA;&#x9;at java.base/java.lang.reflect.Method.invoke(Method.java:580)&#xA;&#x9;at com.thoughtworks.gauge.execution.MethodExecutor.execute(MethodExecutor.java:30)&#xA;&#x9;at com.thoughtworks.gauge.execution.StepExecutionStage.executeStepMethod(StepExecutionStage.java:66)&#xA;&#x9;at com.thoughtworks.gauge.execution.StepExecutionStage.executeStep(StepExecutionStage.java:59)&#xA;&#x9;at com.thoughtworks.gauge.execution.StepExecutionStage.execute(StepExecutionStage.java:41)&#xA;&#x9;at com.thoughtworks.gauge.execution.AbstractExecutionStage.executeNext(AbstractExecutionStage.java:14)&#xA;&#x9;at com.thoughtworks.gauge.execution.HookExecutionStage.execute(HookExecutionStage.java:33)&#xA;&#x9;at com.thoughtworks.gauge.execution.ExecutionPipeline.start(ExecutionPipeline.java:19)&#xA;&#x9;at com.thoughtworks.gauge.processor.ExecuteStepProcessor.process(ExecuteStepProcessor.java:44)&#xA;&#x9;at com.thoughtworks.gauge.RunnerServiceHandler.lambda$executeStep$7(RunnerServiceHandler.java:166)&#xA;&#x9;at java.base/java.util.concurrent.ThreadPoolExecutor.runWorker(ThreadPoolExecutor.java:1144)&#xA;&#x9;at java.base/java.util.concurrent.ThreadPoolExecutor$Worker.run(ThreadPoolExecutor.java:642)&#xA;&#x9;at java.base/java.lang.Thread.run(Thread.java:1583)&#xA;</failure>
		</testcase>
		<system-out></system-out>
		<system-err></system-err>
	</testsuite>
</testsuites>